[27-Mar-2026 13:48:47] NOTICE: fpm is running, pid 73756
[27-Mar-2026 13:48:47] NOTICE: ready to handle connections
[27-Mar-2026 13:55:03] NOTICE: Terminating ...
[27-Mar-2026 13:55:03] NOTICE: Terminating ...
[27-Mar-2026 13:55:03] NOTICE: exiting, bye-bye!
[27-Mar-2026 13:55:06] NOTICE: fpm is running, pid 74181
[27-Mar-2026 13:55:06] NOTICE: ready to handle connections
[30-Mar-2026 02:26:24] NOTICE: Terminating ...
[30-Mar-2026 02:26:24] NOTICE: Terminating ...
[30-Mar-2026 02:26:24] NOTICE: exiting, bye-bye!
[30-Mar-2026 02:26:30] NOTICE: fpm is running, pid 26001
[30-Mar-2026 02:26:30] NOTICE: ready to handle connections
[30-Mar-2026 02:31:58] NOTICE: Terminating ...
[30-Mar-2026 02:31:58] NOTICE: exiting, bye-bye!
[30-Mar-2026 02:32:05] NOTICE: fpm is running, pid 99227
[30-Mar-2026 02:32:05] NOTICE: ready to handle connections
[30-Mar-2026 02:35:04] NOTICE: Terminating ...
[30-Mar-2026 02:35:04] NOTICE: Terminating ...
[30-Mar-2026 02:35:04] NOTICE: exiting, bye-bye!
[30-Mar-2026 02:35:27] NOTICE: fpm is running, pid 25500
[30-Mar-2026 02:35:27] NOTICE: ready to handle connections
[31-Mar-2026 18:38:43] NOTICE: Terminating ...
[31-Mar-2026 18:38:43] NOTICE: Terminating ...
[31-Mar-2026 18:38:43] NOTICE: exiting, bye-bye!
[31-Mar-2026 18:38:46] NOTICE: fpm is running, pid 86206
[31-Mar-2026 18:38:46] NOTICE: ready to handle connections
[31-Mar-2026 18:48:23] NOTICE: Terminating ...
[31-Mar-2026 18:48:23] NOTICE: Terminating ...
[31-Mar-2026 18:48:23] NOTICE: exiting, bye-bye!
[31-Mar-2026 18:48:24] NOTICE: fpm is running, pid 86643
[31-Mar-2026 18:48:24] NOTICE: ready to handle connections
[31-Mar-2026 18:50:52] NOTICE: Terminating ...
[31-Mar-2026 18:50:52] NOTICE: Terminating ...
[31-Mar-2026 18:50:52] NOTICE: exiting, bye-bye!
[31-Mar-2026 18:50:57] NOTICE: fpm is running, pid 86752
[31-Mar-2026 18:50:57] NOTICE: ready to handle connections
[31-Mar-2026 19:27:53] NOTICE: Terminating ...
[31-Mar-2026 19:27:53] NOTICE: Terminating ...
[31-Mar-2026 19:27:53] NOTICE: exiting, bye-bye!
[31-Mar-2026 20:06:22] NOTICE: using inherited socket fd=9, "/Users/josemendoza/Library/Application Support/Local/run/3C2bWNCFX/php/php-fpm.socket"
[31-Mar-2026 20:06:22] NOTICE: fpm is running, pid 22250
[31-Mar-2026 20:06:22] NOTICE: ready to handle connections
[31-Mar-2026 20:21:34] NOTICE: Terminating ...
[31-Mar-2026 20:21:34] NOTICE: Terminating ...
[31-Mar-2026 20:21:34] NOTICE: exiting, bye-bye!
[31-Mar-2026 20:21:35] NOTICE: fpm is running, pid 90829
[31-Mar-2026 20:21:35] NOTICE: ready to handle connections
[31-Mar-2026 20:35:27] NOTICE: Terminating ...
[31-Mar-2026 20:35:27] NOTICE: Terminating ...
[31-Mar-2026 20:35:27] NOTICE: exiting, bye-bye!
[31-Mar-2026 20:35:29] NOTICE: fpm is running, pid 93373
[31-Mar-2026 20:35:29] NOTICE: ready to handle connections
